Determining if the pthread_create exist failed with the following output:
Change Dir: /home/frederic/Documents/Projet_CPP/ProjetGame/GameGraphics/CMakeFiles/CMakeTmp

Run Build Command:"/usr/bin/make" "cmTryCompileExec1994256996/fast"
/usr/bin/make -f CMakeFiles/cmTryCompileExec1994256996.dir/build.make CMakeFiles/cmTryCompileExec1994256996.dir/build
make[1]: Entering directory '/home/frederic/Documents/Projet_CPP/ProjetGame/GameGraphics/CMakeFiles/CMakeTmp'
/usr/bin/cmake -E cmake_progress_report /home/frederic/Documents/Projet_CPP/ProjetGame/GameGraphics/CMakeFiles/CMakeTmp/CMakeFiles 1
Building C object CMakeFiles/cmTryCompileExec1994256996.dir/CheckSymbolExists.c.o
/usr/bin/cc    -o CMakeFiles/cmTryCompileExec1994256996.dir/CheckSymbolExists.c.o   -c /home/frederic/Documents/Projet_CPP/ProjetGame/GameGraphics/CMakeFiles/CMakeTmp/CheckSymbolExists.c
Linking C executable cmTryCompileExec1994256996
/usr/bin/cmake -E cmake_link_script CMakeFiles/cmTryCompileExec1994256996.dir/link.txt --verbose=1
/usr/bin/cc       CMakeFiles/cmTryCompileExec1994256996.dir/CheckSymbolExists.c.o  -o cmTryCompileExec1994256996 -rdynamic 
CMakeFiles/cmTryCompileExec1994256996.dir/CheckSymbolExists.c.o: In function `main':
CheckSymbolExists.c:(.text+0x16): undefined reference to `pthread_create'
collect2: error: ld returned 1 exit status
CMakeFiles/cmTryCompileExec1994256996.dir/build.make:88: recipe for target 'cmTryCompileExec1994256996' failed
make[1]: *** [cmTryCompileExec1994256996] Error 1
make[1]: Leaving directory '/home/frederic/Documents/Projet_CPP/ProjetGame/GameGraphics/CMakeFiles/CMakeTmp'
Makefile:118: recipe for target 'cmTryCompileExec1994256996/fast' failed
make: *** [cmTryCompileExec1994256996/fast] Error 2

File /home/frederic/Documents/Projet_CPP/ProjetGame/GameGraphics/CMakeFiles/CMakeTmp/CheckSymbolExists.c:
/* */
#include <pthread.h>

int main(int argc, char** argv)
{
  (void)argv;
#ifndef pthread_create
  return ((int*)(&pthread_create))[argc];
#else
  (void)argc;
  return 0;
#endif
}

Determining if the function pthread_create exists in the pthreads failed with the following output:
Change Dir: /home/frederic/Documents/Projet_CPP/ProjetGame/GameGraphics/CMakeFiles/CMakeTmp

Run Build Command:"/usr/bin/make" "cmTryCompileExec1337352015/fast"
/usr/bin/make -f CMakeFiles/cmTryCompileExec1337352015.dir/build.make CMakeFiles/cmTryCompileExec1337352015.dir/build
make[1]: Entering directory '/home/frederic/Documents/Projet_CPP/ProjetGame/GameGraphics/CMakeFiles/CMakeTmp'
/usr/bin/cmake -E cmake_progress_report /home/frederic/Documents/Projet_CPP/ProjetGame/GameGraphics/CMakeFiles/CMakeTmp/CMakeFiles 1
Building C object CMakeFiles/cmTryCompileExec1337352015.dir/CheckFunctionExists.c.o
/usr/bin/cc   -DCHECK_FUNCTION_EXISTS=pthread_create   -o CMakeFiles/cmTryCompileExec1337352015.dir/CheckFunctionExists.c.o   -c /usr/share/cmake-3.0/Modules/CheckFunctionExists.c
Linking C executable cmTryCompileExec1337352015
/usr/bin/cmake -E cmake_link_script CMakeFiles/cmTryCompileExec1337352015.dir/link.txt --verbose=1
/usr/bin/cc   -DCHECK_FUNCTION_EXISTS=pthread_create    CMakeFiles/cmTryCompileExec1337352015.dir/CheckFunctionExists.c.o  -o cmTryCompileExec1337352015 -rdynamic -lpthreads 
/usr/bin/ld: cannot find -lpthreads
collect2: error: ld returned 1 exit status
CMakeFiles/cmTryCompileExec1337352015.dir/build.make:88: recipe for target 'cmTryCompileExec1337352015' failed
make[1]: *** [cmTryCompileExec1337352015] Error 1
make[1]: Leaving directory '/home/frederic/Documents/Projet_CPP/ProjetGame/GameGraphics/CMakeFiles/CMakeTmp'
Makefile:118: recipe for target 'cmTryCompileExec1337352015/fast' failed
make: *** [cmTryCompileExec1337352015/fast] Error 2


